  client.cpp
C:\Program Files\Microsoft Visual Studio\2022\Community\VC\Tools\MSVC\14.38.33130\include\type_traits(1741,67): warning C4244: 'argument': conversion from 'unsigned __int64' to 'int', possible loss of data
  (compiling source file 'client.cpp')
  C:\Program Files\Microsoft Visual Studio\2022\Community\VC\Tools\MSVC\14.38.33130\include\type_traits(1741,67):
  the template instantiation context (the oldest one first) is
  	C:\Users\Admin\GitHub\simple-chat-program\Client\client.cpp(97,13):
  	see reference to function template instantiation 'std::thread::thread<void(__cdecl &)(int),SOCKET&,0>(_Fn,SOCKET &)' being compiled
          with
          [
              _Fn=void (__cdecl &)(int)
          ]
  	C:\Program Files\Microsoft Visual Studio\2022\Community\VC\Tools\MSVC\14.38.33130\include\thread(93,9):
  	see reference to function template instantiation 'void std::thread::_Start<void(__cdecl &)(int),SOCKET&>(_Fn,SOCKET &)' being compiled
          with
          [
              _Fn=void (__cdecl &)(int)
          ]
  	C:\Program Files\Microsoft Visual Studio\2022\Community\VC\Tools\MSVC\14.38.33130\include\thread(76,40):
  	see reference to function template instantiation 'unsigned int (__cdecl *std::thread::_Get_invoke<_Tuple,0,1>(std::integer_sequence<size_t,0,1>) noexcept)(void *)' being compiled
  	C:\Program Files\Microsoft Visual Studio\2022\Community\VC\Tools\MSVC\14.38.33130\include\thread(67,17):
  	see reference to function template instantiation 'unsigned int std::thread::_Invoke<_Tuple,0,1>(void *) noexcept' being compiled
  	C:\Program Files\Microsoft Visual Studio\2022\Community\VC\Tools\MSVC\14.38.33130\include\thread(60,14):
  	see reference to function template instantiation 'void std::invoke<void(__cdecl *)(int),unsigned __int64,>(_Callable &&,_Ty1 &&) noexcept(false)' being compiled
          with
          [
              _Callable=void (__cdecl *)(int),
              _Ty1=unsigned __int64
          ]
  
  Client.vcxproj -> C:\Users\Admin\GitHub\simple-chat-program\Client\x64\Debug\Client.exe
